<?xml version="1.0" encoding="UTF-8"?>
<coverage generated="1607120836110" clover="3.2.0">
  <project timestamp="1607120836110" name="All files">
    <metrics statements="45" coveredstatements="44" conditionals="33" coveredconditionals="32" methods="5" coveredmethods="5" elements="83" coveredelements="81" complexity="0" loc="45" ncloc="45" packages="1" files="2" classes="2"/>
    <file name="bst-node.js" path="/Users/evgeniya/Desktop/computer-science/binary-search-tree/src/bst-node.js">
      <metrics statements="3" coveredstatements="3" conditionals="0" coveredconditionals="0" methods="1" coveredmethods="1"/>
      <line num="3" count="270" type="stmt"/>
      <line num="4" count="270" type="stmt"/>
      <line num="5" count="270" type="stmt"/>
    </file>
    <file name="bst.js" path="/Users/evgeniya/Desktop/computer-science/binary-search-tree/src/bst.js">
      <metrics statements="42" coveredstatements="41" conditionals="33" coveredconditionals="32" methods="4" coveredmethods="4"/>
      <line num="3" count="11" type="stmt"/>
      <line num="7" count="263" type="cond" truecount="2" falsecount="0"/>
      <line num="8" count="10" type="stmt"/>
      <line num="10" count="253" type="stmt"/>
      <line num="11" count="253" type="stmt"/>
      <line num="12" count="550" type="cond" truecount="2" falsecount="0"/>
      <line num="13" count="158" type="cond" truecount="2" falsecount="0"/>
      <line num="14" count="9" type="stmt"/>
      <line num="15" count="9" type="stmt"/>
      <line num="17" count="149" type="stmt"/>
      <line num="19" count="392" type="cond" truecount="2" falsecount="0"/>
      <line num="20" count="157" type="cond" truecount="2" falsecount="0"/>
      <line num="21" count="9" type="stmt"/>
      <line num="22" count="9" type="stmt"/>
      <line num="24" count="148" type="stmt"/>
      <line num="27" count="235" type="stmt"/>
      <line num="34" count="11" type="cond" truecount="1" falsecount="1"/>
      <line num="35" count="0" type="stmt"/>
      <line num="37" count="11" type="stmt"/>
      <line num="38" count="11" type="stmt"/>
      <line num="39" count="24" type="cond" truecount="2" falsecount="0"/>
      <line num="40" count="9" type="stmt"/>
      <line num="41" count="15" type="cond" truecount="2" falsecount="0"/>
      <line num="42" count="5" type="stmt"/>
      <line num="44" count="10" type="stmt"/>
      <line num="47" count="2" type="stmt"/>
      <line num="52" count="6" type="cond" truecount="2" falsecount="0"/>
      <line num="53" count="1" type="stmt"/>
      <line num="55" count="5" type="stmt"/>
      <line num="56" count="5" type="stmt"/>
      <line num="57" count="9" type="cond" truecount="5" falsecount="0"/>
      <line num="58" count="2" type="stmt"/>
      <line num="59" count="2" type="stmt"/>
      <line num="60" count="7" type="cond" truecount="4" falsecount="0"/>
      <line num="61" count="1" type="stmt"/>
      <line num="62" count="1" type="stmt"/>
      <line num="63" count="6" type="cond" truecount="4" falsecount="0"/>
      <line num="64" count="2" type="stmt"/>
      <line num="65" count="2" type="stmt"/>
      <line num="67" count="4" type="cond" truecount="2" falsecount="0"/>
      <line num="68" count="1" type="stmt"/>
      <line num="70" count="3" type="stmt"/>
    </file>
  </project>
</coverage>
