<?xml version="1.0" encoding="UTF-8"?>
<coverage generated="1607116750113" clover="3.2.0">
  <project timestamp="1607116750113" name="All files">
    <metrics statements="29" coveredstatements="28" conditionals="16" coveredconditionals="15" methods="4" coveredmethods="4" elements="49" coveredelements="47" complexity="0" loc="29" ncloc="29" packages="1" files="2" classes="2"/>
    <file name="bst-node.js" path="/Users/evgeniya/Desktop/computer-science/binary-search-tree/src/bst-node.js">
      <metrics statements="3" coveredstatements="3" conditionals="0" coveredconditionals="0" methods="1" coveredmethods="1"/>
      <line num="3" count="108" type="stmt"/>
      <line num="4" count="108" type="stmt"/>
      <line num="5" count="108" type="stmt"/>
    </file>
    <file name="bst.js" path="/Users/evgeniya/Desktop/computer-science/binary-search-tree/src/bst.js">
      <metrics statements="26" coveredstatements="25" conditionals="16" coveredconditionals="15" methods="3" coveredmethods="3"/>
      <line num="3" count="9" type="stmt"/>
      <line num="7" count="107" type="cond" truecount="2" falsecount="0"/>
      <line num="8" count="8" type="stmt"/>
      <line num="10" count="99" type="stmt"/>
      <line num="11" count="99" type="stmt"/>
      <line num="12" count="226" type="cond" truecount="2" falsecount="0"/>
      <line num="13" count="71" type="cond" truecount="2" falsecount="0"/>
      <line num="14" count="7" type="stmt"/>
      <line num="15" count="7" type="stmt"/>
      <line num="17" count="64" type="stmt"/>
      <line num="19" count="155" type="cond" truecount="2" falsecount="0"/>
      <line num="20" count="70" type="cond" truecount="2" falsecount="0"/>
      <line num="21" count="7" type="stmt"/>
      <line num="22" count="7" type="stmt"/>
      <line num="24" count="63" type="stmt"/>
      <line num="27" count="85" type="stmt"/>
      <line num="34" count="5" type="cond" truecount="1" falsecount="1"/>
      <line num="35" count="0" type="stmt"/>
      <line num="37" count="5" type="stmt"/>
      <line num="38" count="5" type="stmt"/>
      <line num="39" count="12" type="cond" truecount="2" falsecount="0"/>
      <line num="40" count="4" type="stmt"/>
      <line num="41" count="8" type="cond" truecount="2" falsecount="0"/>
      <line num="42" count="2" type="stmt"/>
      <line num="44" count="6" type="stmt"/>
      <line num="47" count="1" type="stmt"/>
    </file>
  </project>
</coverage>
