{"/Users/evgeniya/Desktop/computer-science/binary-search-tree/src/bst-node.js": {"path":"/Users/evgeniya/Desktop/computer-science/binary-search-tree/src/bst-node.js","statementMap":{"0":{"start":{"line":3,"column":4},"end":{"line":3,"column":21}},"1":{"start":{"line":4,"column":4},"end":{"line":4,"column":21}},"2":{"start":{"line":5,"column":4},"end":{"line":5,"column":22}}},"fnMap":{"0":{"name":"(anonymous_0)","decl":{"start":{"line":2,"column":2},"end":{"line":2,"column":3}},"loc":{"start":{"line":2,"column":20},"end":{"line":6,"column":3}},"line":2}},"branchMap":{},"s":{"0":270,"1":270,"2":270},"f":{"0":270},"b":{},"_coverageSchema":"43e27e138ebf9cfc5966b082cf9a028302ed4184","hash":"3941c45efc5244fd4de8e24d19b9fb66f097da6d"}
,"/Users/evgeniya/Desktop/computer-science/binary-search-tree/src/bst.js": {"path":"/Users/evgeniya/Desktop/computer-science/binary-search-tree/src/bst.js","statementMap":{"0":{"start":{"line":3,"column":4},"end":{"line":3,"column":21}},"1":{"start":{"line":7,"column":4},"end":{"line":30,"column":5}},"2":{"start":{"line":8,"column":6},"end":{"line":8,"column":31}},"3":{"start":{"line":10,"column":24},"end":{"line":10,"column":33}},"4":{"start":{"line":11,"column":6},"end":{"line":29,"column":7}},"5":{"start":{"line":12,"column":8},"end":{"line":28,"column":9}},"6":{"start":{"line":13,"column":10},"end":{"line":18,"column":11}},"7":{"start":{"line":14,"column":12},"end":{"line":14,"column":44}},"8":{"start":{"line":15,"column":12},"end":{"line":15,"column":24}},"9":{"start":{"line":17,"column":12},"end":{"line":17,"column":43}},"10":{"start":{"line":19,"column":15},"end":{"line":28,"column":9}},"11":{"start":{"line":20,"column":10},"end":{"line":25,"column":11}},"12":{"start":{"line":21,"column":12},"end":{"line":21,"column":45}},"13":{"start":{"line":22,"column":12},"end":{"line":22,"column":24}},"14":{"start":{"line":24,"column":12},"end":{"line":24,"column":44}},"15":{"start":{"line":27,"column":10},"end":{"line":27,"column":22}},"16":{"start":{"line":34,"column":4},"end":{"line":48,"column":5}},"17":{"start":{"line":35,"column":6},"end":{"line":35,"column":19}},"18":{"start":{"line":37,"column":24},"end":{"line":37,"column":33}},"19":{"start":{"line":38,"column":6},"end":{"line":46,"column":7}},"20":{"start":{"line":39,"column":8},"end":{"line":45,"column":9}},"21":{"start":{"line":40,"column":10},"end":{"line":40,"column":22}},"22":{"start":{"line":41,"column":15},"end":{"line":45,"column":9}},"23":{"start":{"line":42,"column":12},"end":{"line":42,"column":43}},"24":{"start":{"line":44,"column":10},"end":{"line":44,"column":42}},"25":{"start":{"line":47,"column":6},"end":{"line":47,"column":19}},"26":{"start":{"line":52,"column":4},"end":{"line":74,"column":5}},"27":{"start":{"line":53,"column":6},"end":{"line":53,"column":19}},"28":{"start":{"line":55,"column":24},"end":{"line":55,"column":33}},"29":{"start":{"line":56,"column":6},"end":{"line":73,"column":7}},"30":{"start":{"line":57,"column":8},"end":{"line":72,"column":9}},"31":{"start":{"line":58,"column":10},"end":{"line":58,"column":29}},"32":{"start":{"line":59,"column":10},"end":{"line":59,"column":22}},"33":{"start":{"line":60,"column":15},"end":{"line":72,"column":9}},"34":{"start":{"line":61,"column":10},"end":{"line":61,"column":42}},"35":{"start":{"line":62,"column":10},"end":{"line":62,"column":22}},"36":{"start":{"line":63,"column":15},"end":{"line":72,"column":9}},"37":{"start":{"line":64,"column":10},"end":{"line":64,"column":41}},"38":{"start":{"line":65,"column":10},"end":{"line":65,"column":22}},"39":{"start":{"line":67,"column":10},"end":{"line":71,"column":11}},"40":{"start":{"line":68,"column":12},"end":{"line":68,"column":44}},"41":{"start":{"line":70,"column":12},"end":{"line":70,"column":43}}},"fnMap":{"0":{"name":"(anonymous_0)","decl":{"start":{"line":2,"column":2},"end":{"line":2,"column":3}},"loc":{"start":{"line":2,"column":16},"end":{"line":4,"column":3}},"line":2},"1":{"name":"(anonymous_1)","decl":{"start":{"line":6,"column":2},"end":{"line":6,"column":3}},"loc":{"start":{"line":6,"column":23},"end":{"line":31,"column":3}},"line":6},"2":{"name":"(anonymous_2)","decl":{"start":{"line":33,"column":2},"end":{"line":33,"column":3}},"loc":{"start":{"line":33,"column":16},"end":{"line":49,"column":3}},"line":33},"3":{"name":"(anonymous_3)","decl":{"start":{"line":51,"column":2},"end":{"line":51,"column":3}},"loc":{"start":{"line":51,"column":22},"end":{"line":75,"column":3}},"line":51}},"branchMap":{"0":{"loc":{"start":{"line":7,"column":4},"end":{"line":30,"column":5}},"type":"if","locations":[{"start":{"line":7,"column":4},"end":{"line":30,"column":5}},{"start":{"line":7,"column":4},"end":{"line":30,"column":5}}],"line":7},"1":{"loc":{"start":{"line":12,"column":8},"end":{"line":28,"column":9}},"type":"if","locations":[{"start":{"line":12,"column":8},"end":{"line":28,"column":9}},{"start":{"line":12,"column":8},"end":{"line":28,"column":9}}],"line":12},"2":{"loc":{"start":{"line":13,"column":10},"end":{"line":18,"column":11}},"type":"if","locations":[{"start":{"line":13,"column":10},"end":{"line":18,"column":11}},{"start":{"line":13,"column":10},"end":{"line":18,"column":11}}],"line":13},"3":{"loc":{"start":{"line":19,"column":15},"end":{"line":28,"column":9}},"type":"if","locations":[{"start":{"line":19,"column":15},"end":{"line":28,"column":9}},{"start":{"line":19,"column":15},"end":{"line":28,"column":9}}],"line":19},"4":{"loc":{"start":{"line":20,"column":10},"end":{"line":25,"column":11}},"type":"if","locations":[{"start":{"line":20,"column":10},"end":{"line":25,"column":11}},{"start":{"line":20,"column":10},"end":{"line":25,"column":11}}],"line":20},"5":{"loc":{"start":{"line":34,"column":4},"end":{"line":48,"column":5}},"type":"if","locations":[{"start":{"line":34,"column":4},"end":{"line":48,"column":5}},{"start":{"line":34,"column":4},"end":{"line":48,"column":5}}],"line":34},"6":{"loc":{"start":{"line":39,"column":8},"end":{"line":45,"column":9}},"type":"if","locations":[{"start":{"line":39,"column":8},"end":{"line":45,"column":9}},{"start":{"line":39,"column":8},"end":{"line":45,"column":9}}],"line":39},"7":{"loc":{"start":{"line":41,"column":15},"end":{"line":45,"column":9}},"type":"if","locations":[{"start":{"line":41,"column":15},"end":{"line":45,"column":9}},{"start":{"line":41,"column":15},"end":{"line":45,"column":9}}],"line":41},"8":{"loc":{"start":{"line":52,"column":4},"end":{"line":74,"column":5}},"type":"if","locations":[{"start":{"line":52,"column":4},"end":{"line":74,"column":5}},{"start":{"line":52,"column":4},"end":{"line":74,"column":5}}],"line":52},"9":{"loc":{"start":{"line":57,"column":8},"end":{"line":72,"column":9}},"type":"if","locations":[{"start":{"line":57,"column":8},"end":{"line":72,"column":9}},{"start":{"line":57,"column":8},"end":{"line":72,"column":9}}],"line":57},"10":{"loc":{"start":{"line":57,"column":11},"end":{"line":57,"column":107}},"type":"binary-expr","locations":[{"start":{"line":57,"column":11},"end":{"line":57,"column":48}},{"start":{"line":57,"column":52},"end":{"line":57,"column":77}},{"start":{"line":57,"column":81},"end":{"line":57,"column":107}}],"line":57},"11":{"loc":{"start":{"line":60,"column":15},"end":{"line":72,"column":9}},"type":"if","locations":[{"start":{"line":60,"column":15},"end":{"line":72,"column":9}},{"start":{"line":60,"column":15},"end":{"line":72,"column":9}}],"line":60},"12":{"loc":{"start":{"line":60,"column":18},"end":{"line":60,"column":84}},"type":"binary-expr","locations":[{"start":{"line":60,"column":18},"end":{"line":60,"column":55}},{"start":{"line":60,"column":59},"end":{"line":60,"column":84}}],"line":60},"13":{"loc":{"start":{"line":63,"column":15},"end":{"line":72,"column":9}},"type":"if","locations":[{"start":{"line":63,"column":15},"end":{"line":72,"column":9}},{"start":{"line":63,"column":15},"end":{"line":72,"column":9}}],"line":63},"14":{"loc":{"start":{"line":63,"column":18},"end":{"line":63,"column":83}},"type":"binary-expr","locations":[{"start":{"line":63,"column":18},"end":{"line":63,"column":55}},{"start":{"line":63,"column":59},"end":{"line":63,"column":83}}],"line":63},"15":{"loc":{"start":{"line":67,"column":10},"end":{"line":71,"column":11}},"type":"if","locations":[{"start":{"line":67,"column":10},"end":{"line":71,"column":11}},{"start":{"line":67,"column":10},"end":{"line":71,"column":11}}],"line":67}},"s":{"0":11,"1":263,"2":10,"3":253,"4":253,"5":550,"6":158,"7":9,"8":9,"9":149,"10":392,"11":157,"12":9,"13":9,"14":148,"15":235,"16":11,"17":0,"18":11,"19":11,"20":24,"21":9,"22":15,"23":5,"24":10,"25":2,"26":6,"27":1,"28":5,"29":5,"30":9,"31":2,"32":2,"33":7,"34":1,"35":1,"36":6,"37":2,"38":2,"39":4,"40":1,"41":3},"f":{"0":11,"1":263,"2":11,"3":6},"b":{"0":[10,253],"1":[158,392],"2":[9,149],"3":[157,235],"4":[9,148],"5":[0,11],"6":[9,15],"7":[5,10],"8":[1,5],"9":[2,7],"10":[9,5,3],"11":[1,6],"12":[7,3],"13":[2,4],"14":[6,2],"15":[1,3]},"_coverageSchema":"43e27e138ebf9cfc5966b082cf9a028302ed4184","hash":"96a3434d5de0e51db2754b40c89e3dc7c9eb808d"}
}
