{"/Users/evgeniya/Desktop/computer-science/binary-search-tree/src/bst-node.js": {"path":"/Users/evgeniya/Desktop/computer-science/binary-search-tree/src/bst-node.js","statementMap":{"0":{"start":{"line":3,"column":4},"end":{"line":3,"column":21}},"1":{"start":{"line":4,"column":4},"end":{"line":4,"column":21}},"2":{"start":{"line":5,"column":4},"end":{"line":5,"column":22}}},"fnMap":{"0":{"name":"(anonymous_0)","decl":{"start":{"line":2,"column":2},"end":{"line":2,"column":3}},"loc":{"start":{"line":2,"column":20},"end":{"line":6,"column":3}},"line":2}},"branchMap":{},"s":{"0":270,"1":270,"2":270},"f":{"0":270},"b":{},"_coverageSchema":"43e27e138ebf9cfc5966b082cf9a028302ed4184","hash":"3941c45efc5244fd4de8e24d19b9fb66f097da6d"}
,"/Users/evgeniya/Desktop/computer-science/binary-search-tree/src/bst.js": {"path":"/Users/evgeniya/Desktop/computer-science/binary-search-tree/src/bst.js","statementMap":{"0":{"start":{"line":3,"column":4},"end":{"line":3,"column":21}},"1":{"start":{"line":4,"column":4},"end":{"line":4,"column":24}},"2":{"start":{"line":5,"column":4},"end":{"line":5,"column":25}},"3":{"start":{"line":9,"column":4},"end":{"line":34,"column":5}},"4":{"start":{"line":10,"column":6},"end":{"line":10,"column":31}},"5":{"start":{"line":12,"column":24},"end":{"line":12,"column":33}},"6":{"start":{"line":13,"column":6},"end":{"line":33,"column":7}},"7":{"start":{"line":14,"column":8},"end":{"line":32,"column":9}},"8":{"start":{"line":15,"column":10},"end":{"line":21,"column":11}},"9":{"start":{"line":16,"column":12},"end":{"line":16,"column":44}},"10":{"start":{"line":17,"column":12},"end":{"line":17,"column":30}},"11":{"start":{"line":18,"column":12},"end":{"line":18,"column":24}},"12":{"start":{"line":20,"column":12},"end":{"line":20,"column":43}},"13":{"start":{"line":22,"column":15},"end":{"line":32,"column":9}},"14":{"start":{"line":23,"column":10},"end":{"line":29,"column":11}},"15":{"start":{"line":24,"column":12},"end":{"line":24,"column":45}},"16":{"start":{"line":25,"column":12},"end":{"line":25,"column":31}},"17":{"start":{"line":26,"column":12},"end":{"line":26,"column":24}},"18":{"start":{"line":28,"column":12},"end":{"line":28,"column":44}},"19":{"start":{"line":31,"column":10},"end":{"line":31,"column":22}},"20":{"start":{"line":38,"column":4},"end":{"line":52,"column":5}},"21":{"start":{"line":39,"column":6},"end":{"line":39,"column":19}},"22":{"start":{"line":41,"column":24},"end":{"line":41,"column":33}},"23":{"start":{"line":42,"column":6},"end":{"line":50,"column":7}},"24":{"start":{"line":43,"column":8},"end":{"line":49,"column":9}},"25":{"start":{"line":44,"column":10},"end":{"line":44,"column":22}},"26":{"start":{"line":45,"column":15},"end":{"line":49,"column":9}},"27":{"start":{"line":46,"column":12},"end":{"line":46,"column":43}},"28":{"start":{"line":48,"column":10},"end":{"line":48,"column":42}},"29":{"start":{"line":51,"column":6},"end":{"line":51,"column":19}},"30":{"start":{"line":56,"column":4},"end":{"line":78,"column":5}},"31":{"start":{"line":57,"column":6},"end":{"line":57,"column":19}},"32":{"start":{"line":59,"column":24},"end":{"line":59,"column":33}},"33":{"start":{"line":60,"column":6},"end":{"line":77,"column":7}},"34":{"start":{"line":61,"column":8},"end":{"line":76,"column":9}},"35":{"start":{"line":62,"column":10},"end":{"line":62,"column":29}},"36":{"start":{"line":63,"column":10},"end":{"line":63,"column":22}},"37":{"start":{"line":64,"column":15},"end":{"line":76,"column":9}},"38":{"start":{"line":65,"column":10},"end":{"line":65,"column":42}},"39":{"start":{"line":66,"column":10},"end":{"line":66,"column":22}},"40":{"start":{"line":67,"column":15},"end":{"line":76,"column":9}},"41":{"start":{"line":68,"column":10},"end":{"line":68,"column":41}},"42":{"start":{"line":69,"column":10},"end":{"line":69,"column":22}},"43":{"start":{"line":71,"column":10},"end":{"line":75,"column":11}},"44":{"start":{"line":72,"column":12},"end":{"line":72,"column":44}},"45":{"start":{"line":74,"column":12},"end":{"line":74,"column":43}}},"fnMap":{"0":{"name":"(anonymous_0)","decl":{"start":{"line":2,"column":2},"end":{"line":2,"column":3}},"loc":{"start":{"line":2,"column":16},"end":{"line":6,"column":3}},"line":2},"1":{"name":"(anonymous_1)","decl":{"start":{"line":8,"column":2},"end":{"line":8,"column":3}},"loc":{"start":{"line":8,"column":23},"end":{"line":35,"column":3}},"line":8},"2":{"name":"(anonymous_2)","decl":{"start":{"line":37,"column":2},"end":{"line":37,"column":3}},"loc":{"start":{"line":37,"column":16},"end":{"line":53,"column":3}},"line":37},"3":{"name":"(anonymous_3)","decl":{"start":{"line":55,"column":2},"end":{"line":55,"column":3}},"loc":{"start":{"line":55,"column":22},"end":{"line":79,"column":3}},"line":55}},"branchMap":{"0":{"loc":{"start":{"line":9,"column":4},"end":{"line":34,"column":5}},"type":"if","locations":[{"start":{"line":9,"column":4},"end":{"line":34,"column":5}},{"start":{"line":9,"column":4},"end":{"line":34,"column":5}}],"line":9},"1":{"loc":{"start":{"line":14,"column":8},"end":{"line":32,"column":9}},"type":"if","locations":[{"start":{"line":14,"column":8},"end":{"line":32,"column":9}},{"start":{"line":14,"column":8},"end":{"line":32,"column":9}}],"line":14},"2":{"loc":{"start":{"line":15,"column":10},"end":{"line":21,"column":11}},"type":"if","locations":[{"start":{"line":15,"column":10},"end":{"line":21,"column":11}},{"start":{"line":15,"column":10},"end":{"line":21,"column":11}}],"line":15},"3":{"loc":{"start":{"line":22,"column":15},"end":{"line":32,"column":9}},"type":"if","locations":[{"start":{"line":22,"column":15},"end":{"line":32,"column":9}},{"start":{"line":22,"column":15},"end":{"line":32,"column":9}}],"line":22},"4":{"loc":{"start":{"line":23,"column":10},"end":{"line":29,"column":11}},"type":"if","locations":[{"start":{"line":23,"column":10},"end":{"line":29,"column":11}},{"start":{"line":23,"column":10},"end":{"line":29,"column":11}}],"line":23},"5":{"loc":{"start":{"line":38,"column":4},"end":{"line":52,"column":5}},"type":"if","locations":[{"start":{"line":38,"column":4},"end":{"line":52,"column":5}},{"start":{"line":38,"column":4},"end":{"line":52,"column":5}}],"line":38},"6":{"loc":{"start":{"line":43,"column":8},"end":{"line":49,"column":9}},"type":"if","locations":[{"start":{"line":43,"column":8},"end":{"line":49,"column":9}},{"start":{"line":43,"column":8},"end":{"line":49,"column":9}}],"line":43},"7":{"loc":{"start":{"line":45,"column":15},"end":{"line":49,"column":9}},"type":"if","locations":[{"start":{"line":45,"column":15},"end":{"line":49,"column":9}},{"start":{"line":45,"column":15},"end":{"line":49,"column":9}}],"line":45},"8":{"loc":{"start":{"line":56,"column":4},"end":{"line":78,"column":5}},"type":"if","locations":[{"start":{"line":56,"column":4},"end":{"line":78,"column":5}},{"start":{"line":56,"column":4},"end":{"line":78,"column":5}}],"line":56},"9":{"loc":{"start":{"line":61,"column":8},"end":{"line":76,"column":9}},"type":"if","locations":[{"start":{"line":61,"column":8},"end":{"line":76,"column":9}},{"start":{"line":61,"column":8},"end":{"line":76,"column":9}}],"line":61},"10":{"loc":{"start":{"line":61,"column":11},"end":{"line":61,"column":107}},"type":"binary-expr","locations":[{"start":{"line":61,"column":11},"end":{"line":61,"column":48}},{"start":{"line":61,"column":52},"end":{"line":61,"column":77}},{"start":{"line":61,"column":81},"end":{"line":61,"column":107}}],"line":61},"11":{"loc":{"start":{"line":64,"column":15},"end":{"line":76,"column":9}},"type":"if","locations":[{"start":{"line":64,"column":15},"end":{"line":76,"column":9}},{"start":{"line":64,"column":15},"end":{"line":76,"column":9}}],"line":64},"12":{"loc":{"start":{"line":64,"column":18},"end":{"line":64,"column":84}},"type":"binary-expr","locations":[{"start":{"line":64,"column":18},"end":{"line":64,"column":55}},{"start":{"line":64,"column":59},"end":{"line":64,"column":84}}],"line":64},"13":{"loc":{"start":{"line":67,"column":15},"end":{"line":76,"column":9}},"type":"if","locations":[{"start":{"line":67,"column":15},"end":{"line":76,"column":9}},{"start":{"line":67,"column":15},"end":{"line":76,"column":9}}],"line":67},"14":{"loc":{"start":{"line":67,"column":18},"end":{"line":67,"column":83}},"type":"binary-expr","locations":[{"start":{"line":67,"column":18},"end":{"line":67,"column":55}},{"start":{"line":67,"column":59},"end":{"line":67,"column":83}}],"line":67},"15":{"loc":{"start":{"line":71,"column":10},"end":{"line":75,"column":11}},"type":"if","locations":[{"start":{"line":71,"column":10},"end":{"line":75,"column":11}},{"start":{"line":71,"column":10},"end":{"line":75,"column":11}}],"line":71}},"s":{"0":11,"1":11,"2":11,"3":263,"4":10,"5":253,"6":253,"7":550,"8":158,"9":9,"10":9,"11":9,"12":149,"13":392,"14":157,"15":9,"16":9,"17":9,"18":148,"19":235,"20":11,"21":0,"22":11,"23":11,"24":24,"25":9,"26":15,"27":5,"28":10,"29":2,"30":6,"31":1,"32":5,"33":5,"34":9,"35":2,"36":2,"37":7,"38":1,"39":1,"40":6,"41":2,"42":2,"43":4,"44":1,"45":3},"f":{"0":11,"1":263,"2":11,"3":6},"b":{"0":[10,253],"1":[158,392],"2":[9,149],"3":[157,235],"4":[9,148],"5":[0,11],"6":[9,15],"7":[5,10],"8":[1,5],"9":[2,7],"10":[9,5,3],"11":[1,6],"12":[7,3],"13":[2,4],"14":[6,2],"15":[1,3]},"_coverageSchema":"43e27e138ebf9cfc5966b082cf9a028302ed4184","hash":"007ad4249105578c1a5e710503b90d09810284c8"}
}
