TN:
SF:/Users/evgeniya/Desktop/computer-science/binary-search-tree/src/bst-node.js
FN:2,(anonymous_0)
FNF:1
FNH:1
FNDA:270,(anonymous_0)
DA:3,270
DA:4,270
DA:5,270
LF:3
LH:3
BRF:0
BRH:0
end_of_record
TN:
SF:/Users/evgeniya/Desktop/computer-science/binary-search-tree/src/bst.js
FN:2,(anonymous_0)
FN:8,(anonymous_1)
FN:37,(anonymous_2)
FN:55,(anonymous_3)
FNF:4
FNH:4
FNDA:11,(anonymous_0)
FNDA:263,(anonymous_1)
FNDA:11,(anonymous_2)
FNDA:6,(anonymous_3)
DA:3,11
DA:4,11
DA:5,11
DA:9,263
DA:10,10
DA:12,253
DA:13,253
DA:14,550
DA:15,158
DA:16,9
DA:17,9
DA:18,9
DA:20,149
DA:22,392
DA:23,157
DA:24,9
DA:25,9
DA:26,9
DA:28,148
DA:31,235
DA:38,11
DA:39,0
DA:41,11
DA:42,11
DA:43,24
DA:44,9
DA:45,15
DA:46,5
DA:48,10
DA:51,2
DA:56,6
DA:57,1
DA:59,5
DA:60,5
DA:61,9
DA:62,2
DA:63,2
DA:64,7
DA:65,1
DA:66,1
DA:67,6
DA:68,2
DA:69,2
DA:71,4
DA:72,1
DA:74,3
LF:46
LH:45
BRDA:9,0,0,10
BRDA:9,0,1,253
BRDA:14,1,0,158
BRDA:14,1,1,392
BRDA:15,2,0,9
BRDA:15,2,1,149
BRDA:22,3,0,157
BRDA:22,3,1,235
BRDA:23,4,0,9
BRDA:23,4,1,148
BRDA:38,5,0,0
BRDA:38,5,1,11
BRDA:43,6,0,9
BRDA:43,6,1,15
BRDA:45,7,0,5
BRDA:45,7,1,10
BRDA:56,8,0,1
BRDA:56,8,1,5
BRDA:61,9,0,2
BRDA:61,9,1,7
BRDA:61,10,0,9
BRDA:61,10,1,5
BRDA:61,10,2,3
BRDA:64,11,0,1
BRDA:64,11,1,6
BRDA:64,12,0,7
BRDA:64,12,1,3
BRDA:67,13,0,2
BRDA:67,13,1,4
BRDA:67,14,0,6
BRDA:67,14,1,2
BRDA:71,15,0,1
BRDA:71,15,1,3
BRF:33
BRH:32
end_of_record
