TN:
SF:/Users/evgeniya/Desktop/computer-science/binary-search-tree/src/bst-node.js
FN:2,(anonymous_0)
FNF:1
FNH:1
FNDA:108,(anonymous_0)
DA:3,108
DA:4,108
DA:5,108
LF:3
LH:3
BRF:0
BRH:0
end_of_record
TN:
SF:/Users/evgeniya/Desktop/computer-science/binary-search-tree/src/bst.js
FN:2,(anonymous_0)
FN:6,(anonymous_1)
FN:33,(anonymous_2)
FNF:3
FNH:3
FNDA:9,(anonymous_0)
FNDA:107,(anonymous_1)
FNDA:5,(anonymous_2)
DA:3,9
DA:7,107
DA:8,8
DA:10,99
DA:11,99
DA:12,226
DA:13,71
DA:14,7
DA:15,7
DA:17,64
DA:19,155
DA:20,70
DA:21,7
DA:22,7
DA:24,63
DA:27,85
DA:34,5
DA:35,0
DA:37,5
DA:38,5
DA:39,12
DA:40,4
DA:41,8
DA:42,2
DA:44,6
DA:47,1
LF:26
LH:25
BRDA:7,0,0,8
BRDA:7,0,1,99
BRDA:12,1,0,71
BRDA:12,1,1,155
BRDA:13,2,0,7
BRDA:13,2,1,64
BRDA:19,3,0,70
BRDA:19,3,1,85
BRDA:20,4,0,7
BRDA:20,4,1,63
BRDA:34,5,0,0
BRDA:34,5,1,5
BRDA:39,6,0,4
BRDA:39,6,1,8
BRDA:41,7,0,2
BRDA:41,7,1,6
BRF:16
BRH:15
end_of_record
